[INFO] [1772239985.284767960] [detection_pipeline_check]: Waiting 5.0s for topic discovery (segment_3d, etc.)...
[INFO] [1772239990.291560697] [detection_pipeline_check]: === Detection pipeline topic check ===

[INFO] [1772239990.292448340] [detection_pipeline_check]:   /slamware_ros_sdk_server_node/left_image_raw
[INFO] [1772239990.293236619] [detection_pipeline_check]:     exists=True type_ok=True -> OK
[INFO] [1772239990.293970145] [detection_pipeline_check]:   /slamware_ros_sdk_server_node/depth_image_raw
[INFO] [1772239990.294662102] [detection_pipeline_check]:     exists=True type_ok=True -> OK
[INFO] [1772239990.295343210] [detection_pipeline_check]:   /segmentation_mode
[INFO] [1772239990.296009662] [detection_pipeline_check]:     exists=True type_ok=True -> OK
[INFO] [1772239990.296682578] [detection_pipeline_check]:   /ultralytics_vehicle/segmentation/objects_segment
[INFO] [1772239990.297402631] [detection_pipeline_check]:     exists=True type_ok=True -> OK
[INFO] [1772239990.298099676] [detection_pipeline_check]:   /ultralytics_tire/segmentation/objects_segment
[INFO] [1772239990.298809553] [detection_pipeline_check]:     exists=True type_ok=True -> OK
[INFO] [1772239990.299522822] [detection_pipeline_check]:   /ultralytics_vehicle/segmentation/image
[INFO] [1772239990.300206907] [detection_pipeline_check]:     exists=False type_ok=False -> MISSING
[INFO] [1772239990.300876591] [detection_pipeline_check]:   /ultralytics_tire/segmentation/image
[INFO] [1772239990.301649190] [detection_pipeline_check]:     exists=False type_ok=False -> MISSING
[INFO] [1772239990.302537504] [detection_pipeline_check]:   /segmentation_processor/registered_pointcloud
[INFO] [1772239990.303246997] [detection_pipeline_check]:     exists=True type_ok=True -> OK
[INFO] [1772239990.303923305] [detection_pipeline_check]:   /darknet_ros_3d/vehicle_bounding_boxes
[INFO] [1772239990.304596222] [detection_pipeline_check]:     exists=True type_ok=True -> OK
[INFO] [1772239990.305299122] [detection_pipeline_check]:   /darknet_ros_3d/tire_bounding_boxes
[INFO] [1772239990.305977607] [detection_pipeline_check]:     exists=True type_ok=True -> OK
[INFO] [1772239990.306648347] [detection_pipeline_check]:   /aurora_semantic/vehicle_bounding_boxes
[INFO] [1772239990.307317199] [detection_pipeline_check]:     exists=True type_ok=True -> OK
[INFO] [1772239990.393759260] [detection_pipeline_check]: 
Listening for 8.0s to measure activity...

[INFO] [1772239998.400509733] [detection_pipeline_check]: === Activity (messages in window) ===

[INFO] [1772239998.401560070] [detection_pipeline_check]:   /slamware_ros_sdk_server_node/left_image_raw: 107 msgs, ~13.38 Hz
[INFO] [1772239998.402404961] [detection_pipeline_check]:   /slamware_ros_sdk_server_node/depth_image_raw: 132 msgs, ~16.50 Hz
[INFO] [1772239998.403127063] [detection_pipeline_check]:   /segmentation_mode: 0 msgs, ~0.00 Hz
[INFO] [1772239998.403856046] [detection_pipeline_check]:   /ultralytics_vehicle/segmentation/objects_segment: 0 msgs, ~0.00 Hz
[INFO] [1772239998.404553188] [detection_pipeline_check]:   /ultralytics_tire/segmentation/objects_segment: 0 msgs, ~0.00 Hz
[INFO] [1772239998.413626175] [detection_pipeline_check]:   /ultralytics_vehicle/segmentation/image: (not subscribed - missing or wrong type)
[INFO] [1772239998.414827716] [detection_pipeline_check]:   /ultralytics_tire/segmentation/image: (not subscribed - missing or wrong type)
[INFO] [1772239998.415664094] [detection_pipeline_check]:   /segmentation_processor/registered_pointcloud: 14 msgs, ~1.75 Hz
[INFO] [1772239998.416418774] [detection_pipeline_check]:   /darknet_ros_3d/vehicle_bounding_boxes: 16 msgs, ~2.00 Hz
[INFO] [1772239998.419607449] [detection_pipeline_check]:   /darknet_ros_3d/tire_bounding_boxes: 16 msgs, ~2.00 Hz
[INFO] [1772239998.420396338] [detection_pipeline_check]:   /aurora_semantic/vehicle_bounding_boxes: 75 msgs, ~9.38 Hz
[INFO] [1772239998.422254988] [detection_pipeline_check]: 
=== Done ===
