odr":0,"v":1208}
{"T":1001,"L":0,"R":0,"ax":90,"ay":-106,"az":8490,"gx":19,"gy":28,"gz":1,"mx":-218,"my":645,"mz":1806,"odl":0,"odr":0,"v":1208}
{"T":1001,"L":0,"R":0,"ax":60,"ay":-122,"az":8420,"gx":-19,"gy":27,"gz":-1,"mx":-343,"my":604,"mz":1762,"odl":0,"odr":0,"v":1208}
{"T":1001,"L":0,"R":0,"ax":60,"ay":-122,"az":8420,"gx":-19,"gy":27,"gz":-1,"mx":-343,"my":604,"mz":1762,"odl":0,"odr":0,"v":1208}
{"T":1001,"L":0,"R":0,"ax":70,"ay":-96,"az":8470,"gx":-22,"gy":25,"gz":-2,"mx":-195,"my":616,"mz":1849,"odl":0,"odr":0,"v":1208}
{"T":1001,"L":0,"R":0,"ax":134,"ay":-148,"az":8414,"gx":-6,"gy":27,"gz":2,"mx":-391,"my":586,"mz":1713,"odl":0,"odr":0,"v":1208}
{"T":1001,"L":0,"R":0,"ax":66,"ay":-116,"az":8446,"gx":-11,"gy":33,"gz":-4,"mx":-223,"my":710,"mz":1909,"odl":0,"odr":0,"v":1208}
{"T":1001,"L":0,"R":0,"ax":66,"ay":-116,"az":8446,"gx":-11,"gy":33,"gz":-4,"mx":-223,"my":710,"mz":1909,"odl":0,"odr":0,"v":1208}
{"T":1001,"L":0,"R":0,"ax":96,"ay":-96,"az":8448,"gx":15,"gy":25,"gz":-1,"mx":-347,"my":577,"mz":1687,"odl":0,"odr":0,"v":1208}
{"T":1001,"L":0,"R":0,"ax":22,"ay":-110,"az":8402,"gx":-11,"gy":32,"gz":-4,"mx":-222,"my":639,"mz":1901,"odl":0,"odr":0,"v":1208}
{"T":1001,"L":0,"R":0,"ax":22,"ay":-110,"az":8402,"gx":-11,"gy":32,"gz":-4,"mx":-222,"my":639,"mz":1901,"odl":0,"odr":0,"v":1208}
{"T":1001,"L":0,"R":0,"ax":86,"ay":-82,"az":8412,"gx":-20,"gy":27,"gz":4,"mx":-343,"my":542,"mz":1688,"odl":0,"odr":0,"v":1208}
{"T":1001,"L":0,"R":0,"ax":68,"ay":-122,"az":8446,"gx":2,"gy":28,"gz":1,"mx":-303,"my":699,"mz":1882,"odl":0,"odr":0,"v":1208}
{"T":1001,"L":0,"R":0,"ax":134,"ay":-138,"az":8434,"gx":31,"gy":29,"gz":1,"mx":-268,"my":607,"mz":1735,"odl":0,"odr":0,"v":1208}
{"T":1001,"L":0,"R":0,"ax":134,"ay":-138,"az":8434,"gx":31,"gy":29,"gz":1,"mx":-268,"my":607,"mz":1735,"odl":0,"odr":0,"v":1208}
{"T":1001,"L":0,"R":0,"ax":100,"ay":-174,"az":8446,"gx":20,"gy":23,"gz":-1,"mx":-306,"my":627,"mz":1816,"odl":0,"odr":0,"v":1208}
{"T":1001,"L":0,"R":0,"ax":104,"ay":-110,"az":8436,"gx":-11,"gy":31,"gz":3,"mx":-251,"my":558,"mz":1747,"odl":0,"odr":0,"v":1208}
{"T":1001,"L":0,"R":0,"ax":62,"ay":-108,"az":8462,"gx":-3,"gy":30,"gz":-4,"mx":-380,"my":636,"mz":1788,"odl":0,"odr":0,"v":1208}
{"T":1001,"L":0,"R":0,"ax":62,"ay":-108,"az":8462,"gx":-3,"gy":30,"gz":-4,"mx":-380,"my":636,"mz":1788,"odl":0,"odr":0,"v":1208}
{"T":1001,"L":0,"R":0,"ax":38,"ay":-106,"az":8434,"gx":10,"gy":28,"gz":1,"mx":-218,"my":650,"mz":1833,"odl":0,"odr":0,"v":1208}
{"T":1001,"L":0,"R":0,"ax":96,"ay":-138,"az":8418,"gx":7,"gy":28,"gz":-1,"mx":-360,"my":592,"mz":1722,"odl":0,"odr":0,"v":1208}
{"T":1001,"L":0,"R":0,"ax":96,"ay":-138,"az":8418,"gx":7,"gy":28,"gz":-1,"mx":-360,"my":592,"mz":1722,"odl":0,"odr":0,"v":1208}
{"T":1001,"L":0,"R":0,"ax":102,"ay":-96,"az":8412,"gx":-23,"gy":24,"gz":1,"mx":-191,"my":596,"mz":1843,"odl":0,"odr":0,"v":1208}
{"T":1001,"L":0,"R":0,"ax":32,"ay":-130,"az":8442,"gx":2,"gy":26,"gz":-1,"mx":-388,"my":571,"mz":1684,"odl":0,"odr":0,"v":1208}
{"T":1001,"L":0,"R":0,"ax":90,"ay":-132,"az":8384,"gx":-34,"gy":25,"gz":-2,"mx":-227,"my":693,"mz":1906,"odl":0,"odr":0,"v":1208}
{"T":1001,"L":0,"R":0,"ax":90,"ay":-132,"az":8384,"gx":-34,"gy":25,"gz":-2,"mx":-227,"my":693,"mz":1906,"odl":0,"odr":0,"v":1208}
{"T":1001,"L":0,"R":0,"ax":82,"ay":-126,"az":8408,"gx":-20,"gy":24,"gz":1,"mx":-350,"my":585,"mz":1673,"odl":0,"odr":0,"v":1208}
{"T":1001,"L":0,"R":0,"ax":48,"ay":-162,"az":8414,"gx":3,"gy":23,"gz":5,"mx":-228,"my":625,"mz":1885,"odl":0,"odr":0,"v":1208}
{"T":1001,"L":0,"R":0,"ax":48,"ay":-162,"az":8414,"gx":3,"gy":23,"gz":5,"mx":-228,"my":625,"mz":1885,"odl":0,"odr":0,"v":1208}
{"T":1001,"L":0,"R":0,"ax":52,"ay":-124,"az":8418,"gx":8,"gy":22,"gz":1,"mx":-325,"my":546,"mz":1685,"odl":0,"odr":0,"v":1208}
{"T":1001,"L":0,"R":0,"ax":48,"ay":-94,"az":8428,"gx":0,"gy":26,"gz":-1,"mx":-300,"my":690,"mz":1886,"odl":0,"odr":0,"v":1208}
{"T":1001,"L":0,"R":0,"ax":48,"ay":-100,"az":8406,"gx":10,"gy":26,"gz":0,"mx":-258,"my":612,"mz":1740,"odl":0,"odr":0,"v":1208}
{"T":1001,"L":0,"R":0,"ax":48,"ay":-100,"az":8406,"gx":10,"gy":26,"gz":0,"mx":-258,"my":612,"mz":1740,"odl":0,"odr":0,"v":1208}
{"T":1001,"L":0,"R":0,"ax":108,"ay":-124,"az":8416,"gx":-1,"gy":24,"gz":-2,"mx":-313,"my":614,"mz":1818,"odl":0,"odr":0,"v":1208}
{"T":1001,"L":0,"R":0,"ax":82,"ay":-114,"az":8404,"gx":-18,"gy":27,"gz":1,"mx":-232,"my":577,"mz":1766,"odl":0,"odr":0,"v":1208}
{"T":1001,"L":0,"R":0,"ax":82,"ay":-114,"az":8404,"gx":-18,"gy":27,"gz":1,"mx":-232,"my":577,"mz":1766,"odl":0,"odr":0,"v":1208}
{"T":1001,"L":0,"R":0,"ax":70,"ay":-130,"az":8398,"gx":-16,"gy":24,"gz":0,"mx":-377,"my":626,"mz":1780,"odl":0,"odr":0,"v":1208}
{"T":1001,"L":0,"R":0,"ax":100,"ay":-90,"az":8456,"gx":-2,"gy":31,"gz":-4,"mx":-217,"my":670,"mz":1857,"odl":0,"odr":0,"v":1208}
{"T":1001,"L":0,"R":0,"ax":36,"ay":-110,"az":8458,"gx":-3,"gy":26,"gz":1,"mx":-351,"my":586,"mz":1720,"odl":0,"odr":0,"v":1208}
{"T":1001,"L":0,"R":0,"ax":36,"ay":-110,"az":8458,"gx":-3,"gy":26,"gz":1,"mx":-351,"my":586,"mz":1720,"odl":0,"odr":0,"v":1208}
{"T":1001,"L":0,"R":0,"ax":68,"ay":-56,"az":8392,"gx":-5,"gy":26,"gz":2,"mx":-193,"my":614,"mz":1865,"odl":0,"odr":0,"v":1208}
{"T":1001,"L":0,"R":0,"ax":70,"ay":-84,"az":8432,"gx":-24,"gy":27,"gz":-3,"mx":-373,"my":568,"mz":1701,"odl":0,"odr":0,"v":1208}
{"T":1001,"L":0,"R":0,"ax":70,"ay":-84,"az":8432,"gx":-24,"gy":27,"gz":-3,"mx":-373,"my":568,"mz":1701,"odl":0,"odr":0,"v":1208}
{"T":1001,"L":0,"R":0,"ax":122,"ay":-132,"az":8448,"gx":-6,"gy":20,"gz":1,"mx":-245,"my":716,"mz":1923,"odl":0,"odr":0,"v":1208}
{"T":1001,"L":0,"R":0,"ax":86,"ay":-110,"az":8424,"gx":-26,"gy":27,"gz":4,"mx":-313,"my":586,"mz":1708,"odl":0,"odr":0,"v":1208}
{"T":1001,"L":0,"R":0,"ax":60,"ay":-140,"az":8398,"gx":22,"gy":27,"gz":-4,"mx":-245,"my":631,"mz":1884,"odl":0,"odr":0,"v":1208}
{"T":1001,"L":0,"R":0,"ax":60,"ay":-140,"az":8398,"gx":22,"gy":27,"gz":-4,"mx":-245,"my":631,"mz":1884,"odl":0,"odr":0,"v":1208}
{"T":1001,"L":0,"R":0,"ax":68,"ay":-138,"az":8460,"gx":-17,"gy":28,"gz":2,"mx":-305,"my":559,"mz":1729,"odl":0,"odr":0,"v":1208}
{"T":1001,"L":0,"R":0,"ax":54,"ay":-130,"az":8430,"gx":-32,"gy":25,"gz":-1,"mx":-325,"my":688,"mz":1876,"odl":0,"odr":0,"v":1208}
{"T":1001,"L":0,"R":0,"ax":54,"ay":-130,"az":8430,"gx":-32,"gy":25,"gz":-1,"mx":-325,"my":688,"mz":1876,"odl":0,"odr":0,"v":1208}
{"T":1001,"L":0,"R":0,"ax":102,"ay":-126,"az":8452,"gx":-7,"gy":32,"gz":-3,"mx":-235,"my":623,"mz":1780,"odl":0,"odr":0,"v":1208}
{"T":1001,"L":0,"R":0,"ax":68,"ay":-124,"az":8428,"gx":-11,"gy":31,"gz":1,"mx":-322,"my":618,"mz":1800,"odl":0,"odr":0,"v":1208}
{"T":1001,"L":0,"R":0,"ax":94,"ay":-148,"az":8416,"gx":1,"gy":28,"gz":1,"mx":-213,"my":591,"mz":1801,"odl":0,"odr":0,"v":1208}
{"T":1001,"L":0,"R":0,"ax":94,"ay":-148,"az":8416,"gx":1,"gy":28,"gz":1,"mx":-213,"my":591,"mz":1801,"odl":0,"odr":0,"v":1208}
{"T":1001,"L":0,"R":0,"ax":84,"ay":-114,"az":8458,"gx":-10,"gy":24,"gz":4,"mx":-385,"my":613,"mz":1768,"odl":0,"odr":0,"v":1208}
{"T":1001,"L":0,"R":0,"ax":54,"ay":-136,"az":8452,"gx":18,"gy":28,"gz":-1,"mx":-218,"my":689,"mz":1872,"odl":0,"odr":0,"v":1208}
{"T":1001,"L":0,"R":0,"ax":54,"ay":-136,"az":8452,"gx":18,"gy":28,"gz":-1,"mx":-218,"my":689,"mz":1872,"odl":0,"odr":0,"v":1208}
{"T":1001,"L":0,"R":0,"ax":88,"ay":-102,"az":8450,"gx":10,"gy":27,"gz":-3,"mx":-357,"my":587,"mz":1714,"odl":0,"odr":0,"v":1208}
{"T":1001,"L":0,"R":0,"ax":38,"ay":-120,"az":8414,"gx":-12,"gy":24,"gz":2,"mx":-197,"my":623,"mz":1876,"odl":0,"odr":0,"v":1208}
{"T":1001,"L":0,"R":0,"ax":74,"ay":-138,"az":8420,"gx":-17,"gy":29,"gz":0,"mx":-375,"my":549,"mz":1685,"odl":0,"odr":0,"v":1208}
{"T":1001,"L":0,"R":0,"ax":74,"ay":-138,"az":8420,"gx":-17,"gy":29,"gz":0,"mx":-375,"my":549,"mz":1685,"odl":0,"odr":0,"v":1208}
{"T":1001,"L":0,"R":0,"ax":22,"ay":-100,"az":8374,"gx":5,"gy":23,"gz":3,"mx":-246,"my":718,"mz":1919,"odl":0,"odr":0,"v":1208}
{"T":1001,"L":0,"R":0,"ax":142,"ay":-50,"az":8412,"gx":-9,"gy":28,"gz":-3,"mx":-323,"my":594,"mz":1688,"odl":0,"odr":0,"v":1208}
{"T":1001,"L":0,"R":0,"ax":142,"ay":-50,"az":8412,"gx":-9,"gy":28,"gz":-3,"mx":-323,"my":594,"mz":1688,"odl":0,"odr":0,"v":1208}
{"T":1001,"L":0,"R":0,"ax":40,"ay":-138,"az":8420,"gx":-13,"gy":26,"gz":-3,"mx":-252,"my":636,"mz":1869,"odl":0,"odr":0,"v":1208}
{"T":1001,"L":0,"R":0,"ax":72,"ay":-150,"az":8408,"gx":-8,"gy":31,"gz":-4,"mx":-302,"my":538,"mz":1697,"odl":0,"odr":0,"v":1208}
{"T":1001,"L":0,"R":0,"ax":82,"ay":-140,"az":8454,"gx":-19,"gy":29,"gz":0,"mx":-335,"my":685,"mz":1864,"odl":0,"odr":0,"v":1208}
{"T":1001,"L":0,"R":0,"ax":82,"ay":-140,"az":8454,"gx":-19,"gy":29,"gz":0,"mx":-335,"my":685,"mz":1864,"odl":0,"odr":0,"v":1208}
{"T":1001,"L":0,"R":0,"ax":22,"ay":-124,"az":8460,"gx":-33,"gy":25,"gz":2,"mx":-251,"my":601,"mz":1752,"odl":0,"odr":0,"v":1208}
{"T":1001,"L":0,"R":0,"ax":80,"ay":-90,"az":8434,"gx":6,"gy":27,"gz":-3,"mx":-330,"my":618,"mz":1783,"odl":0,"odr":0,"v":1208}
{"T":1001,"L":0,"R":0,"ax":80,"ay":-90,"az":8434,"gx":6,"gy":27,"gz":-3,"mx":-330,"my":618,"mz":1783,"odl":0,"odr":0,"v":1208}
{"T":1001,"L":0,"R":0,"ax":92,"ay":-116,"az":8430,"gx":2,"gy":26,"gz":-2,"mx":-228,"my":581,"mz":1777,"odl":0,"odr":0,"v":1208}
{"T":1001,"L":0,"R":0,"ax":42,"ay":-130,"az":8436,"gx":-34,"gy":26,"gz":0,"mx":-388,"my":609,"mz":1752,"odl":0,"odr":0,"v":1208}
{"T":1001,"L":0,"R":0,"ax":56,"ay":-86,"az":8412,"gx":3,"gy":26,"gz":1,"mx":-212,"my":672,"mz":1854,"odl":0,"odr":0,"v":1208}
{"T":1001,"L":0,"R":0,"ax":56,"ay":-86,"az":8412,"gx":3,"gy":26,"gz":1,"mx":-212,"my":672,"mz":1854,"odl":0,"odr":0,"v":1208}
{"T":1001,"L":0,"R":0,"ax":66,"ay":-96,"az":8420,"gx":-19,"gy":31,"gz":1,"mx":-361,"my":581,"mz":1698,"odl":0,"odr":0,"v":1208}
{"T":1001,"L":0,"R":0,"ax":32,"ay":-128,"az":8416,"gx":0,"gy":24,"gz":-1,"mx":-192,"my":605,"mz":1864,"odl":0,"odr":0,"v":1208}
{"T":1001,"L":0,"R":0,"ax":32,"ay":-128,"az":8416,"gx":0,"gy":24,"gz":-1,"mx":-192,"my":605,"mz":1864,"odl":0,"odr":0,"v":1208}
{"T":1001,"L":0,"R":0,"ax":66,"ay":-118,"az":8410,"gx":-3,"gy":25,"gz":-2,"mx":-376,"my":550,"mz":1669,"odl":0,"odr":0,"v":1208}
{"T":1001,"L":0,"R":0,"ax":62,"ay":-84,"az":8450,"gx":-8,"gy":26,"gz":-3,"mx":-250,"my":703,"mz":1906,"odl":0,"odr":0,"v":1208}
{"T":1001,"L":0,"R":0,"ax":38,"ay":-136,"az":8434,"gx":10,"gy":24,"gz":-5,"mx":-332,"my":587,"mz":1675,"odl":0,"odr":0,"v":1208}
{"T":1001,"L":0,"R":0,"ax":38,"ay":-136,"az":8434,"gx":10,"gy":24,"gz":-5,"mx":-332,"my":587,"mz":1675,"odl":0,"odr":0,"v":1208}
{"T":1001,"L":0,"R":0,"ax":24,"ay":-114,"az":8448,"gx":1,"gy":22,"gz":-1,"mx":-236,"my":630,"mz":1885,"odl":0,"odr":0,"v":1208}
{"T":1001,"L":0,"R":0,"ax":28,"ay":-146,"az":8430,"gx":-11,"gy":22,"gz":0,"mx":-317,"my":543,"mz":1692,"odl":0,"odr":0,"v":1208}
{"T":1001,"L":0,"R":0,"ax":28,"ay":-146,"az":8430,"gx":-11,"gy":22,"gz":0,"mx":-317,"my":543,"mz":1692,"odl":0,"odr":0,"v":1208}
{"T":1001,"L":0,"R":0,"ax":60,"ay":-134,"az":8480,"gx":-2,"gy":22,"gz":3,"mx":-306,"my":681,"mz":1890,"odl":0,"odr":0,"v":1208}
{"T":1001,"L":0,"R":0,"ax":74,"ay":-126,"az":8440,"gx":2,"gy":26,"gz":1,"mx":-248,"my":604,"mz":1742,"odl":0,"odr":0,"v":1208}
{"T":1001,"L":0,"R":0,"ax":20,"ay":-92,"az":8424,"gx":-11,"gy":27,"gz":-2,"mx":-315,"my":626,"mz":1820,"odl":0,"odr":0,"v":1208}
{"T":1001,"L":0,"R":0,"ax":20,"ay":-92,"az":8424,"gx":-11,"gy":27,"gz":-2,"mx":-315,"my":626,"mz":1820,"odl":0,"odr":0,"v":1208}
{"T":1001,"L":0,"R":0,"ax":100,"ay":-88,"az":8422,"gx":-26,"gy":24,"gz":2,"mx":-235,"my":574,"mz":1768,"odl":0,"odr":0,"v":1208}
{"T":1001,"L":0,"R":0,"ax":76,"ay":-112,"az":8456,"gx":-9,"gy":27,"gz":0,"mx":-372,"my":636,"mz":1803,"odl":0,"odr":0,"v":1208}
{"T":1001,"L":0,"R":0,"ax":76,"ay":-112,"az":8456,"gx":-9,"gy":27,"gz":0,"mx":-372,"my":636,"mz":1803,"odl":0,"odr":0,"v":1208}
{"T":1001,"L":0,"R":0,"ax":-4,"ay":-124,"az":8470,"gx":-10,"gy":26,"gz":-2,"mx":-217,"my":660,"mz":1849,"odl":0,"odr":0,"v":1208}
{"T":1001,"L":0,"R":0,"ax":90,"ay":-50,"az":8452,"gx":-5,"gy":30,"gz":-3,"mx":-333,"my":601,"mz":1745,"odl":0,"odr":0,"v":1208}
{"T":1001,"L":0,"R":0,"ax":56,"ay":-110,"az":8410,"gx":8,"gy":22,"gz":1,"mx":-190,"my":608,"mz":1844,"odl":0,"odr":0,"v":1208}
{"T":1001,"L":0,"R":0,"ax":56,"ay":-110,"az":8410,"gx":8,"gy":22,"gz":1,"mx":-190,"my":608,"mz":1844,"odl":0,"odr":0,"v":1208}
{"T":1001,"L":0,"R":0,"ax":16,"ay":-144,"az":8378,"gx":-4,"gy":24,"gz":-1,"mx":-380,"my":580,"mz":1722,"odl":0,"odr":0,"v":1208}
{"T":1001,"L":0,"R":0,"ax":102,"ay":-146,"az":8482,"gx":-8,"gy":24,"gz":-3,"mx":-227,"my":716,"mz":1915,"odl":0,"odr":0,"v":1208}
{"T":1001,"L":0,"R":0,"ax":102,"ay":-146,"az":8482,"gx":-8,"gy":24,"gz":-3,"mx":-227,"my":716,"mz":1915,"odl":0,"odr":0,"v":1208}
{"T":1001,"L":0,"R":0,"ax":72,"ay":-126,"az":8424,"gx":4,"gy":28,"gz":0,"mx":-340,"my":590,"mz":1702,"odl":0,"odr":0,"v":1208}
{"T":1001,"L":0,"R":0,"ax":58,"ay":-82,"az":8436,"gx":-22,"gy":29,"gz":-3,"mx":-221,"my":620,"mz":1904,"odl":0,"odr":0,"v":1208}
{"T":1001,"L":0,"R":0,"ax":48,"ay":-118,"az":8408,"gx":-12,"gy":26,"gz":0,"mx":-325,"my":549,"mz":1697,"odl":0,"odr":0,"v":1208}
{"T":1001,"L":0,"R":0,"ax":48,"ay":-118,"az":8408,"gx":-12,"gy":26,"gz":0,"mx":-325,"my":549,"mz":1697,"odl":0,"odr":0,"v":1208}
{"T":1001,"L":0,"R":0,"ax":46,"ay":-130,"az":8434,"gx":-4,"gy":27,"gz":0,"mx":-285,"my":696,"mz":1903,"odl":0,"odr":0,"v":1208}
{"T":1001,"L":0,"R":0,"ax":88,"ay":-160,"az":8416,"gx":-8,"gy":24,"gz":1,"mx":-270,"my":613,"mz":1741,"odl":0,"odr":0,"v":1208}
{"T":1001,"L":0,"R":0,"ax":88,"ay":-160,"az":8416,"gx":-8,"gy":24,"gz":1,"mx":-270,"my":613,"mz":1741,"odl":0,"odr":0,"v":1208}
{"T":1001,"L":0,"R":0,"ax":110,"ay":-100,"az":8470,"gx":-1,"gy":30,"gz":-4,"mx":-295,"my":629,"mz":1837,"odl":0,"odr":0,"v":1208}
{"T":1001,"L":0,"R":0,"ax":2,"ay":-92,"az":8464,"gx":-1,"gy":28,"gz":-3,"mx":-255,"my":574,"mz":1766,"odl":0,"odr":0,"v":1208}
{"T":1001,"L":0,"R":0,"ax":118,"ay":-128,"az":8462,"gx":-1,"gy":28,"gz":2,"mx":-365,"my":649,"mz":1810,"odl":0,"odr":0,"v":1208}
{"T":1001,"L":0,"R":0,"ax":118,"ay":-128,"az":8462,"gx":-1,"gy":28,"gz":2,"mx":-365,"my":649,"mz":1810,"odl":0,"odr":0,"v":1208}
{"T":1001,"L":0,"R":0,"ax":74,"ay":-80,"az":8416,"gx":-9,"gy":24,"gz":1,"mx":-226,"my":661,"mz":1823,"odl":0,"odr":0,"v":1208}
{"T":1001,"L":0,"R":0,"ax":62,"ay":-112,"az":8394,"gx":2,"gy":27,"gz":3,"mx":-356,"my":594,"mz":1745,"odl":0,"odr":0,"v":1208}
{"T":1001,"L":0,"R":0,"ax":62,"ay":-112,"az":8394,"gx":2,"gy":27,"gz":3,"mx":-356,"my":594,"mz":1745,"odl":0,"odr":0,"v":1208}
{"T":1001,"L":0,"R":0,"ax":10,"ay":-90,"az":8408,"gx":-18,"gy":28,"gz":-1,"mx":-200,"my":613,"mz":1842,"odl":0,"odr":0,"v":1208}
{"T":1001,"L":0,"R":0,"ax":58,"ay":-116,"az":8404,"gx":1,"gy":27,"gz":2,"mx":-382,"my":587,"mz":1717,"odl":0,"odr":0,"v":1208}
{"T":1001,"L":0,"R":0,"ax":58,"ay":-136,"az":8424,"gx":9,"gy":28,"gz":-1,"mx":-226,"my":697,"mz":1909,"odl":0,"odr":0,"v":1208}
{"T":1001,"L":0,"R":0,"ax":58,"ay":-136,"az":8424,"gx":9,"gy":28,"gz":-1,"mx":-226,"my":697,"mz":1909,"odl":0,"odr":0,"v":1208}
{"T":1001,"L":0,"R":0,"ax":72,"ay":-110,"az":8472,"gx":-7,"gy":31,"gz":3,"mx":-362,"my":580,"mz":1675,"odl":0,"odr":0,"v":1208}
{"T":1001,"L":0,"R":0,"ax":40,"ay":-106,"az":8402,"gx":-23,"gy":29,"gz":-1,"mx":-216,"my":622,"mz":1880,"odl":0,"odr":0,"v":1208}
{"T":1001,"L":0,"R":0,"ax":40,"ay":-106,"az":8402,"gx":-23,"gy":29,"gz":-1,"mx":-216,"my":622,"mz":1880,"odl":0,"odr":0,"v":1208}
{"T":1001,"L":0,"R":0,"ax":-6,"ay":-102,"az":8416,"gx":-6,"gy":28,"gz":-1,"mx":-343,"my":537,"mz":1664,"odl":0,"odr":0,"v":1208}
{"T":1001,"L":0,"R":0,"ax":56,"ay":-112,"az":8420,"gx":14,"gy":29,"gz":3,"mx":-287,"my":698,"mz":1891,"odl":0,"odr":0,"v":1208}
{"T":1001,"L":0,"R":0,"ax":68,"ay":-106,"az":8468,"gx":-15,"gy":27,"gz":-1,"mx":-287,"my":600,"mz":1712,"odl":0,"odr":0,"v":1208}
{"T":1001,"L":0,"R":0,"ax":68,"ay":-106,"az":8468,"gx":-15,"gy":27,"gz":-1,"mx":-287,"my":600,"mz":1712,"odl":0,"odr":0,"v":1208}
{"T":1001,"L":0,"R":0,"ax":74,"ay":-154,"az":8430,"gx":9,"gy":28,"gz":-1,"mx":-292,"my":639,"mz":1830,"odl":0,"odr":0,"v":1208}
{"T":1001,"L":0,"R":0,"ax":52,"ay":-116,"az":8470,"gx":-24,"gy":23,"gz":-2,"mx":-266,"my":558,"mz":1730,"odl":0,"odr":0,"v":1208}
{"T":1001,"L":0,"R":0,"ax":52,"ay":-116,"az":8470,"gx":-24,"gy":23,"gz":-2,"mx":-266,"my":558,"mz":1730,"odl":0,"odr":0,"v":1208}
{"T":1001,"L":0,"R":0,"ax":56,"ay":-136,"az":8502,"gx":-13,"gy":29,"gz":2,"mx":-360,"my":657,"mz":1805,"odl":0,"odr":0,"v":1208}
{"T":1001,"L":0,"R":0,"ax":140,"ay":-128,"az":8440,"gx":-15,"gy":28,"gz":-2,"mx":-223,"my":640,"mz":1796,"odl":0,"odr":0,"v":1208}
{"T":1001,"L":0,"R":0,"ax":100,"ay":-130,"az":8436,"gx":1,"gy":27,"gz":-2,"mx":-347,"my":600,"mz":1744,"odl":0,"odr":0,"v":1208}
{"T":1001,"L":0,"R":0,"ax":100,"ay":-130,"az":8436,"gx":1,"gy":27,"gz":-2,"mx":-347,"my":600,"mz":1744,"odl":0,"odr":0,"v":1208}
{"T":1001,"L":0,"R":0,"ax":28,"ay":-102,"az":8478,"gx":-5,"gy":26,"gz":4,"mx":-203,"my":599,"mz":1828,"odl":0,"odr":0,"v":1208}
{"T":1001,"L":0,"R":0,"ax":50,"ay":-132,"az":8458,"gx":14,"gy":26,"gz":-2,"mx":-388,"my":573,"mz":1715,"odl":0,"odr":0,"v":1208}
{"T":1001,"L":0,"R":0,"ax":50,"ay":-132,"az":8458,"gx":14,"gy":26,"gz":-2,"mx":-388,"my":573,"mz":1715,"odl":0,"odr":0,"v":1208}
{"T":1001,"L":0,"R":0,"ax":102,"ay":-146,"az":8420,"gx":-35,"gy":24,"gz":-5,"mx":-221,"my":692,"mz":1907,"odl":0,"odr":0,"v":1208}
{"T":1001,"L":0,"R":0,"ax":24,"ay":-96,"az":8442,"gx":-13,"gy":24,"gz":-4,"mx":-347,"my":587,"mz":1677,"odl":0,"odr":0,"v":1208}
{"T":1001,"L":0,"R":0,"ax":82,"ay":-156,"az":8440,"gx":15,"gy":34,"gz":-3,"mx":-205,"my":626,"mz":1881,"odl":0,"odr":0,"v":1208}
{"T":1001,"L":0,"R":0,"ax":82,"ay":-156,"az":8440,"gx":15,"gy":34,"gz":-3,"mx":-205,"my":626,"mz":1881,"odl":0,"odr":0,"v":1208}
{"T":1001,"L":0,"R":0,"ax":68,"ay":-108,"az":8452,"gx":21,"gy":28,"gz":0,"mx":-338,"my":547,"mz":1674,"odl":0,"odr":0,"v":1208}
{"T":1001,"L":0,"R":0,"ax":60,"ay":-140,"az":8496,"gx":-12,"gy":23,"gz":0,"mx":-266,"my":705,"mz":1912,"odl":0,"odr":0,"v":1208}
{"T":1001,"L":0,"R":0,"ax":60,"ay":-140,"az":8496,"gx":-12,"gy":23,"gz":0,"mx":-266,"my":705,"mz":1912,"odl":0,"odr":0,"v":1208}
{"T":1001,"L":0,"R":0,"ax":80,"ay":-76,"az":8444,"gx":4,"gy":21,"gz":0,"mx":-295,"my":585,"mz":1712,"odl":0,"odr":0,"v":1208}
{"T":1001,"L":0,"R":0,"ax":36,"ay":-128,"az":8368,"gx":-1,"gy":25,"gz":-4,"mx":-265,"my":636,"mz":1861,"odl":0,"odr":0,"v":1208}
{"T":1001,"L":0,"R":0,"ax":48,"ay":-106,"az":8400,"gx":-4,"gy":31,"gz":-1,"mx":-267,"my":551,"mz":1734,"odl":0,"odr":0,"v":1208}
{"T":1001,"L":0,"R":0,"ax":48,"ay":-106,"az":8400,"gx":-4,"gy":31,"gz":-1,"mx":-267,"my":551,"mz":1734,"odl":0,"odr":0,"v":1208}
{"T":1001,"L":0,"R":0,"ax":76,"ay":-110,"az":8408,"gx":-11,"gy":28,"gz":0,"mx":-337,"my":657,"mz":1857,"odl":0,"odr":0,"v":1208}
{"T":1001,"L":0,"R":0,"ax":52,"ay":-138,"az":8458,"gx":-23,"gy":26,"gz":-1,"mx":-227,"my":634,"mz":1798,"odl":0,"odr":0,"v":1208}
{"T":1001,"L":0,"R":0,"ax":52,"ay":-138,"az":8458,"gx":-23,"gy":26,"gz":-1,"mx":-227,"my":634,"mz":1798,"odl":0,"odr":0,"v":1208}
{"T":1001,"L":0,"R":0,"ax":94,"ay":-82,"az":8464,"gx":-8,"gy":24,"gz":-2,"mx":-332,"my":611,"mz":1783,"odl":0,"odr":0,"v":1208}
{"T":1001,"L":0,"R":0,"ax":40,"ay":-128,"az":8432,"gx":-3,"gy":24,"gz":3,"mx":-216,"my":594,"mz":1816,"odl":0,"odr":0,"v":1208}
{"T":1001,"L":0,"R":0,"ax":134,"ay":-140,"az":8440,"gx":16,"gy":28,"gz":0,"mx":-382,"my":608,"mz":1756,"odl":0,"odr":0,"v":1208}
{"T":1001,"L":0,"R":0,"ax":134,"ay":-140,"az":8440,"gx":16,"gy":28,"gz":0,"mx":-382,"my":608,"mz":1756,"odl":0,"odr":0,"v":1208}
{"T":1001,"L":0,"R":0,"ax":82,"ay":-132,"az":8406,"gx":-7,"gy":23,"gz":-3,"mx":-207,"my":685,"mz":1891,"odl":0,"odr":0,"v":1208}
{"T":1001,"L":0,"R":0,"ax":84,"ay":-102,"az":8420,"gx":-7,"gy":27,"gz":-4,"mx":-348,"my":594,"mz":1711,"odl":0,"odr":0,"v":1208}
{"T":1001,"L":0,"R":0,"ax":84,"ay":-102,"az":8420,"gx":-7,"gy":27,"gz":-4,"mx":-348,"my":594,"mz":1711,"odl":0,"odr":0,"v":1208}
{"T":1001,"L":0,"R":0,"ax":84,"ay":-112,"az":8380,"gx":-34,"gy":25,"gz":3,"mx":-202,"my":618,"mz":1881,"odl":0,"odr":0,"v":1208}
{"T":1001,"L":0,"R":0,"ax":94,"ay":-52,"az":8400,"gx":1,"gy":30,"gz":-1,"mx":-363,"my":550,"mz":1698,"odl":0,"odr":0,"v":1208}
{"T":1001,"L":0,"R":0,"ax":84,"ay":-76,"az":8436,"gx":1,"gy":23,"gz":-1,"mx":-245,"my":706,"mz":1918,"odl":0,"odr":0,"v":1208}
{"T":1001,"L":0,"R":0,"ax":84,"ay":-76,"az":8436,"gx":1,"gy":23,"gz":-1,"mx":-245,"my":706,"mz":1918,"odl":0,"odr":0,"v":1208}
{"T":1001,"L":0,"R":0,"ax":56,"ay":-184,"az":8402,"gx":5,"gy":29,"gz":0,"mx":-317,"my":595,"mz":1707,"odl":0,"odr":0,"v":1208}
