01,"L":0,"R":0,"ax":74,"ay":-152,"az":8410,"gx":10,"gy":21,"gz":1,"mx":-263,"my":697,"mz":1904,"odl":0,"odr":0,"v":1208}
{"T":1001,"L":0,"R":0,"ax":42,"ay":-98,"az":8434,"gx":-13,"gy":27,"gz":1,"mx":-351,"my":627,"mz":1816,"odl":0,"odr":0,"v":1208}
{"T":1001,"L":0,"R":0,"ax":26,"ay":-112,"az":8394,"gx":3,"gy":27,"gz":0,"mx":-370,"my":567,"mz":1704,"odl":0,"odr":0,"v":1208}
{"T":1001,"L":0,"R":0,"ax":38,"ay":-156,"az":8364,"gx":11,"gy":18,"gz":1,"mx":-317,"my":554,"mz":1685,"odl":0,"odr":0,"v":1208}
{"T":1001,"L":0,"R":0,"ax":38,"ay":-156,"az":8364,"gx":11,"gy":18,"gz":1,"mx":-317,"my":554,"mz":1685,"odl":0,"odr":0,"v":1208}
{"T":1001,"L":0,"R":0,"ax":40,"ay":-134,"az":8380,"gx":14,"gy":28,"gz":1,"mx":-226,"my":599,"mz":1760,"odl":0,"odr":0,"v":1208}
{"T":1001,"L":0,"R":0,"ax":62,"ay":-148,"az":8410,"gx":10,"gy":25,"gz":-4,"mx":-201,"my":627,"mz":1850,"odl":0,"odr":0,"v":1208}
{"T":1001,"L":0,"R":0,"ax":62,"ay":-148,"az":8410,"gx":10,"gy":25,"gz":-4,"mx":-201,"my":627,"mz":1850,"odl":0,"odr":0,"v":1208}
{"T":1001,"L":0,"R":0,"ax":28,"ay":-154,"az":8386,"gx":-11,"gy":23,"gz":-1,"mx":-263,"my":607,"mz":1823,"odl":0,"odr":0,"v":1208}
{"T":1001,"L":0,"R":0,"ax":24,"ay":-114,"az":8422,"gx":9,"gy":25,"gz":1,"mx":-330,"my":572,"mz":1729,"odl":0,"odr":0,"v":1208}
{"T":1001,"L":0,"R":0,"ax":58,"ay":-132,"az":8404,"gx":6,"gy":25,"gz":1,"mx":-322,"my":585,"mz":1687,"odl":0,"odr":0,"v":1208}
{"T":1001,"L":0,"R":0,"ax":58,"ay":-132,"az":8404,"gx":6,"gy":25,"gz":1,"mx":-322,"my":585,"mz":1687,"odl":0,"odr":0,"v":1208}
{"T":1001,"L":0,"R":0,"ax":34,"ay":-130,"az":8406,"gx":-1,"gy":23,"gz":-1,"mx":-248,"my":632,"mz":1735,"odl":0,"odr":0,"v":1208}
{"T":1001,"L":0,"R":0,"ax":42,"ay":-130,"az":8414,"gx":-12,"gy":24,"gz":-1,"mx":-221,"my":684,"mz":1838,"odl":0,"odr":0,"v":1208}
{"T":1001,"L":0,"R":0,"ax":42,"ay":-130,"az":8414,"gx":-12,"gy":24,"gz":-1,"mx":-221,"my":684,"mz":1838,"odl":0,"odr":0,"v":1208}
{"T":1001,"L":0,"R":0,"ax":62,"ay":-116,"az":8450,"gx":-12,"gy":26,"gz":-2,"mx":-242,"my":685,"mz":1886,"odl":0,"odr":0,"v":1208}
{"T":1001,"L":0,"R":0,"ax":10,"ay":-146,"az":8422,"gx":-7,"gy":26,"gz":3,"mx":-333,"my":632,"mz":1823,"odl":0,"odr":0,"v":1208}
{"T":1001,"L":0,"R":0,"ax":28,"ay":-160,"az":8474,"gx":0,"gy":22,"gz":-4,"mx":-382,"my":567,"mz":1709,"odl":0,"odr":0,"v":1208}
{"T":1001,"L":0,"R":0,"ax":28,"ay":-160,"az":8474,"gx":0,"gy":22,"gz":-4,"mx":-382,"my":567,"mz":1709,"odl":0,"odr":0,"v":1208}
{"T":1001,"L":0,"R":0,"ax":10,"ay":-188,"az":8418,"gx":-13,"gy":27,"gz":-2,"mx":-335,"my":543,"mz":1663,"odl":0,"odr":0,"v":1208}
{"T":1001,"L":0,"R":0,"ax":50,"ay":-160,"az":8386,"gx":-7,"gy":21,"gz":-3,"mx":-248,"my":594,"mz":1738,"odl":0,"odr":0,"v":1208}
{"T":1001,"L":0,"R":0,"ax":50,"ay":-160,"az":8386,"gx":-7,"gy":21,"gz":-3,"mx":-248,"my":594,"mz":1738,"odl":0,"odr":0,"v":1208}
{"T":1001,"L":0,"R":0,"ax":130,"ay":-102,"az":8462,"gx":-11,"gy":21,"gz":1,"mx":-203,"my":632,"mz":1848,"odl":0,"odr":0,"v":1208}
{"T":1001,"L":0,"R":0,"ax":26,"ay":-174,"az":8438,"gx":-30,"gy":22,"gz":2,"mx":-228,"my":622,"mz":1880,"odl":0,"odr":0,"v":1208}
{"T":1001,"L":0,"R":0,"ax":20,"ay":-162,"az":8384,"gx":-9,"gy":18,"gz":0,"mx":-308,"my":576,"mz":1789,"odl":0,"odr":0,"v":1208}
{"T":1001,"L":0,"R":0,"ax":20,"ay":-162,"az":8384,"gx":-9,"gy":18,"gz":0,"mx":-308,"my":576,"mz":1789,"odl":0,"odr":0,"v":1208}
{"T":1001,"L":0,"R":0,"ax":34,"ay":-162,"az":8410,"gx":-12,"gy":21,"gz":2,"mx":-346,"my":571,"mz":1696,"odl":0,"odr":0,"v":1208}
{"T":1001,"L":0,"R":0,"ax":58,"ay":-122,"az":8396,"gx":-9,"gy":24,"gz":0,"mx":-306,"my":599,"mz":1676,"odl":0,"odr":0,"v":1208}
{"T":1001,"L":0,"R":0,"ax":58,"ay":-122,"az":8396,"gx":-9,"gy":24,"gz":0,"mx":-306,"my":599,"mz":1676,"odl":0,"odr":0,"v":1208}
{"T":1001,"L":0,"R":0,"ax":46,"ay":-118,"az":8394,"gx":-3,"gy":22,"gz":-1,"mx":-233,"my":650,"mz":1760,"odl":0,"odr":0,"v":1208}
{"T":1001,"L":0,"R":0,"ax":44,"ay":-168,"az":8426,"gx":-19,"gy":24,"gz":-2,"mx":-212,"my":685,"mz":1861,"odl":0,"odr":0,"v":1208}
{"T":1001,"L":0,"R":0,"ax":116,"ay":-126,"az":8422,"gx":18,"gy":22,"gz":0,"mx":-282,"my":683,"mz":1876,"odl":0,"odr":0,"v":1208}
{"T":1001,"L":0,"R":0,"ax":116,"ay":-126,"az":8422,"gx":18,"gy":22,"gz":0,"mx":-282,"my":683,"mz":1876,"odl":0,"odr":0,"v":1208}
{"T":1001,"L":0,"R":0,"ax":70,"ay":-136,"az":8450,"gx":2,"gy":19,"gz":-1,"mx":-352,"my":611,"mz":1780,"odl":0,"odr":0,"v":1208}
{"T":1001,"L":0,"R":0,"ax":22,"ay":-124,"az":8428,"gx":-25,"gy":26,"gz":1,"mx":-377,"my":562,"mz":1682,"odl":0,"odr":0,"v":1208}
{"T":1001,"L":0,"R":0,"ax":22,"ay":-124,"az":8428,"gx":-25,"gy":26,"gz":1,"mx":-377,"my":562,"mz":1682,"odl":0,"odr":0,"v":1208}
{"T":1001,"L":0,"R":0,"ax":46,"ay":-164,"az":8444,"gx":-8,"gy":32,"gz":-2,"mx":-298,"my":555,"mz":1674,"odl":0,"odr":0,"v":1208}
{"T":1001,"L":0,"R":0,"ax":26,"ay":-118,"az":8424,"gx":-27,"gy":25,"gz":2,"mx":-232,"my":600,"mz":1766,"odl":0,"odr":0,"v":1208}
{"T":1001,"L":0,"R":0,"ax":18,"ay":-172,"az":8454,"gx":-7,"gy":27,"gz":1,"mx":-202,"my":621,"mz":1832,"odl":0,"odr":0,"v":1208}
{"T":1001,"L":0,"R":0,"ax":18,"ay":-172,"az":8454,"gx":-7,"gy":27,"gz":1,"mx":-202,"my":621,"mz":1832,"odl":0,"odr":0,"v":1208}
{"T":1001,"L":0,"R":0,"ax":54,"ay":-160,"az":8394,"gx":1,"gy":26,"gz":-2,"mx":-263,"my":601,"mz":1838,"odl":0,"odr":0,"v":1208}
{"T":1001,"L":0,"R":0,"ax":50,"ay":-138,"az":8420,"gx":-3,"gy":21,"gz":5,"mx":-333,"my":576,"mz":1760,"odl":0,"odr":0,"v":1208}
{"T":1001,"L":0,"R":0,"ax":50,"ay":-138,"az":8420,"gx":-3,"gy":21,"gz":5,"mx":-333,"my":576,"mz":1760,"odl":0,"odr":0,"v":1208}
{"T":1001,"L":0,"R":0,"ax":46,"ay":-132,"az":8428,"gx":-18,"gy":20,"gz":-3,"mx":-328,"my":589,"mz":1696,"odl":0,"odr":0,"v":1208}
{"T":1001,"L":0,"R":0,"ax":42,"ay":-158,"az":8428,"gx":-28,"gy":23,"gz":-2,"mx":-258,"my":625,"mz":1728,"odl":0,"odr":0,"v":1208}
{"T":1001,"L":0,"R":0,"ax":18,"ay":-110,"az":8388,"gx":-18,"gy":23,"gz":-2,"mx":-215,"my":680,"mz":1832,"odl":0,"odr":0,"v":1208}
{"T":1001,"L":0,"R":0,"ax":18,"ay":-110,"az":8388,"gx":-18,"gy":23,"gz":-2,"mx":-215,"my":680,"mz":1832,"odl":0,"odr":0,"v":1208}
{"T":1001,"L":0,"R":0,"ax":88,"ay":-138,"az":8424,"gx":-1,"gy":28,"gz":-2,"mx":-242,"my":701,"mz":1888,"odl":0,"odr":0,"v":1208}
{"T":1001,"L":0,"R":0,"ax":46,"ay":-130,"az":8436,"gx":-15,"gy":33,"gz":1,"mx":-327,"my":639,"mz":1839,"odl":0,"odr":0,"v":1208}
{"T":1001,"L":0,"R":0,"ax":46,"ay":-130,"az":8436,"gx":-15,"gy":33,"gz":1,"mx":-327,"my":639,"mz":1839,"odl":0,"odr":0,"v":1208}
{"T":1001,"L":0,"R":0,"ax":110,"ay":-138,"az":8418,"gx":5,"gy":23,"gz":0,"mx":-377,"my":567,"mz":1719,"odl":0,"odr":0,"v":1208}
{"T":1001,"L":0,"R":0,"ax":54,"ay":-136,"az":8450,"gx":-14,"gy":22,"gz":2,"mx":-350,"my":551,"mz":1655,"odl":0,"odr":0,"v":1208}
{"T":1001,"L":0,"R":0,"ax":24,"ay":-178,"az":8454,"gx":2,"gy":28,"gz":-2,"mx":-262,"my":580,"mz":1712,"odl":0,"odr":0,"v":1208}
{"T":1001,"L":0,"R":0,"ax":24,"ay":-178,"az":8454,"gx":2,"gy":28,"gz":-2,"mx":-262,"my":580,"mz":1712,"odl":0,"odr":0,"v":1208}
{"T":1001,"L":0,"R":0,"ax":38,"ay":-160,"az":8402,"gx":9,"gy":27,"gz":-1,"mx":-200,"my":626,"mz":1815,"odl":0,"odr":0,"v":1208}
{"T":1001,"L":0,"R":0,"ax":102,"ay":-96,"az":8472,"gx":-7,"gy":25,"gz":-2,"mx":-226,"my":630,"mz":1868,"odl":0,"odr":0,"v":1208}
{"T":1001,"L":0,"R":0,"ax":102,"ay":-96,"az":8472,"gx":-7,"gy":25,"gz":-2,"mx":-226,"my":630,"mz":1868,"odl":0,"odr":0,"v":1208}
{"T":1001,"L":0,"R":0,"ax":20,"ay":-164,"az":8416,"gx":-13,"gy":21,"gz":3,"mx":-293,"my":583,"mz":1809,"odl":0,"odr":0,"v":1208}
{"T":1001,"L":0,"R":0,"ax":20,"ay":-114,"az":8378,"gx":-28,"gy":23,"gz":-5,"mx":-336,"my":565,"mz":1698,"odl":0,"odr":0,"v":1208}
{"T":1001,"L":0,"R":0,"ax":62,"ay":-78,"az":8428,"gx":0,"gy":19,"gz":2,"mx":-302,"my":587,"mz":1670,"odl":0,"odr":0,"v":1208}
{"T":1001,"L":0,"R":0,"ax":62,"ay":-78,"az":8428,"gx":0,"gy":19,"gz":2,"mx":-302,"my":587,"mz":1670,"odl":0,"odr":0,"v":1208}
{"T":1001,"L":0,"R":0,"ax":16,"ay":-146,"az":8416,"gx":-20,"gy":23,"gz":-1,"mx":-246,"my":640,"mz":1747,"odl":0,"odr":0,"v":1208}
{"T":1001,"L":0,"R":0,"ax":48,"ay":-114,"az":8388,"gx":-17,"gy":26,"gz":-4,"mx":-217,"my":693,"mz":1859,"odl":0,"odr":0,"v":1208}
{"T":1001,"L":0,"R":0,"ax":48,"ay":-114,"az":8388,"gx":-17,"gy":26,"gz":-4,"mx":-217,"my":693,"mz":1859,"odl":0,"odr":0,"v":1208}
{"T":1001,"L":0,"R":0,"ax":42,"ay":-186,"az":8442,"gx":15,"gy":24,"gz":-2,"mx":-263,"my":692,"mz":1887,"odl":0,"odr":0,"v":1208}
{"T":1001,"L":0,"R":0,"ax":48,"ay":-96,"az":8460,"gx":-16,"gy":19,"gz":-3,"mx":-343,"my":632,"mz":1821,"odl":0,"odr":0,"v":1208}
{"T":1001,"L":0,"R":0,"ax":46,"ay":-136,"az":8432,"gx":-20,"gy":20,"gz":-2,"mx":-363,"my":565,"mz":1698,"odl":0,"odr":0,"v":1208}
{"T":1001,"L":0,"R":0,"ax":46,"ay":-136,"az":8432,"gx":-20,"gy":20,"gz":-2,"mx":-363,"my":565,"mz":1698,"odl":0,"odr":0,"v":1209}
{"T":1001,"L":0,"R":0,"ax":104,"ay":-130,"az":8416,"gx":1,"gy":19,"gz":4,"mx":-321,"my":568,"mz":1686,"odl":0,"odr":0,"v":1209}
{"T":1001,"L":0,"R":0,"ax":86,"ay":-104,"az":8404,"gx":14,"gy":31,"gz":-2,"mx":-242,"my":600,"mz":1753,"odl":0,"odr":0,"v":1209}
{"T":1001,"L":0,"R":0,"ax":86,"ay":-104,"az":8404,"gx":14,"gy":31,"gz":-2,"mx":-242,"my":600,"mz":1753,"odl":0,"odr":0,"v":1209}
{"T":1001,"L":0,"R":0,"ax":18,"ay":-146,"az":8412,"gx":-13,"gy":24,"gz":0,"mx":-202,"my":621,"mz":1837,"odl":0,"odr":0,"v":1209}
{"T":1001,"L":0,"R":0,"ax":20,"ay":-150,"az":8390,"gx":-23,"gy":26,"gz":6,"mx":-252,"my":608,"mz":1844,"odl":0,"odr":0,"v":1209}
{"T":1001,"L":0,"R":0,"ax":78,"ay":-168,"az":8434,"gx":-12,"gy":26,"gz":3,"mx":-320,"my":577,"mz":1746,"odl":0,"odr":0,"v":1209}
{"T":1001,"L":0,"R":0,"ax":78,"ay":-168,"az":8434,"gx":-12,"gy":26,"gz":3,"mx":-320,"my":577,"mz":1746,"odl":0,"odr":0,"v":1209}
{"T":1001,"L":0,"R":0,"ax":84,"ay":-130,"az":8392,"gx":-7,"gy":20,"gz":2,"mx":-325,"my":577,"mz":1687,"odl":0,"odr":0,"v":1209}
{"T":1001,"L":0,"R":0,"ax":28,"ay":-122,"az":8404,"gx":-6,"gy":24,"gz":1,"mx":-270,"my":621,"mz":1712,"odl":0,"odr":0,"v":1209}
{"T":1001,"L":0,"R":0,"ax":28,"ay":-122,"az":8404,"gx":-6,"gy":24,"gz":1,"mx":-270,"my":621,"mz":1712,"odl":0,"odr":0,"v":1209}
{"T":1001,"L":0,"R":0,"ax":60,"ay":-146,"az":8408,"gx":-4,"gy":21,"gz":0,"mx":-218,"my":676,"mz":1821,"odl":0,"odr":0,"v":1209}
{"T":1001,"L":0,"R":0,"ax":78,"ay":-146,"az":8438,"gx":-22,"gy":21,"gz":1,"mx":-235,"my":696,"mz":1893,"odl":0,"odr":0,"v":1209}
